Log file open, 12/02/18 16:19:10
LogWindows: Failed to load 'aqProf.dll' (GetLastError=126)
LogWindows: File 'aqProf.dll' does not exist
LogWindows: Failed to load 'VtuneApi.dll' (GetLastError=126)
LogWindows: File 'VtuneApi.dll' does not exist
LogWindows: Failed to load 'VtuneApi32e.dll' (GetLastError=126)
LogWindows: File 'VtuneApi32e.dll' does not exist
LogInit: Display: Running engine for game: WeAreGods
LogPlatformFile: Not using cached read wrapper
LogTaskGraph: Started task graph with 5 named threads and 23 total threads with 3 sets of task threads.
LogStats: Stats thread started at 6.158890
LogD3D11RHI: Loaded GFSDK_Aftermath_Lib.x64.dll
LogICUInternationalization: Display: ICU TimeZone Detection - Raw Offset: -8:00, Platform Override: ''
LogPluginManager: Mounting plugin Paper2D
LogPluginManager: Mounting plugin AISupport
LogPluginManager: Mounting plugin LightPropagationVolume
LogPluginManager: Mounting plugin CLionSourceCodeAccess
LogPluginManager: Mounting plugin CodeLiteSourceCodeAccess
LogPluginManager: Mounting plugin GitSourceControl
LogPluginManager: Mounting plugin KDevelopSourceCodeAccess
LogPluginManager: Mounting plugin NullSourceCodeAccess
LogPluginManager: Mounting plugin PerforceSourceControl
LogPluginManager: Mounting plugin SubversionSourceControl
LogPluginManager: Mounting plugin UObjectPlugin
LogPluginManager: Mounting plugin VisualStudioCodeSourceCodeAccess
LogPluginManager: Mounting plugin VisualStudioSourceCodeAccess
LogPluginManager: Mounting plugin XCodeSourceCodeAccess
LogPluginManager: Mounting plugin AssetManagerEditor
LogPluginManager: Mounting plugin CryptoKeys
LogPluginManager: Mounting plugin DataValidation
LogPluginManager: Mounting plugin FacialAnimation
LogPluginManager: Mounting plugin GameplayTagsEditor
LogPluginManager: Mounting plugin MacGraphicsSwitching
LogPluginManager: Mounting plugin MeshEditor
LogPluginManager: Mounting plugin MobileLauncherProfileWizard
LogPluginManager: Mounting plugin PluginBrowser
LogPluginManager: Mounting plugin SpeedTreeImporter
LogPluginManager: Mounting plugin DatasmithContent
LogPluginManager: Mounting plugin AlembicImporter
LogPluginManager: Mounting plugin AppleImageUtils
LogPluginManager: Mounting plugin AppleVision
LogPluginManager: Mounting plugin BackChannel
LogPluginManager: Mounting plugin CharacterAI
LogPluginManager: Mounting plugin GeometryCache
LogPluginManager: Mounting plugin HTML5Networking
LogPluginManager: Mounting plugin ProxyLODPlugin
LogPluginManager: Mounting plugin MagicLeap
LogPluginManager: Mounting plugin MagicLeapEmulator
LogPluginManager: Mounting plugin MagicLeapMedia
LogPluginManager: Mounting plugin AndroidMedia
LogPluginManager: Mounting plugin AvfMedia
LogPluginManager: Mounting plugin ImgMedia
LogPluginManager: Mounting plugin LinearTimecode
LogPluginManager: Mounting plugin MediaCompositing
LogPluginManager: Mounting plugin MediaPlayerEditor
LogPluginManager: Mounting plugin WmfMedia
LogPluginManager: Mounting plugin TcpMessaging
LogPluginManager: Mounting plugin UdpMessaging
LogPluginManager: Mounting plugin ActorSequence
LogPluginManager: Mounting plugin LevelSequenceEditor
LogPluginManager: Mounting plugin MatineeToLevelSequence
LogPluginManager: Mounting plugin NetcodeUnitTest
LogPluginManager: Mounting plugin NUTUnrealEngine4
LogPluginManager: Mounting plugin OnlineSubsystemGooglePlay
LogPluginManager: Mounting plugin OnlineSubsystemIOS
LogPluginManager: Mounting plugin OnlineSubsystem
LogPluginManager: Mounting plugin OnlineSubsystemNull
LogPluginManager: Mounting plugin OnlineSubsystemUtils
LogPluginManager: Mounting plugin LauncherChunkInstaller
LogPluginManager: Mounting plugin AndroidDeviceProfileSelector
LogPluginManager: Mounting plugin AndroidMoviePlayer
LogPluginManager: Mounting plugin AndroidPermission
LogPluginManager: Mounting plugin AppleMoviePlayer
LogPluginManager: Mounting plugin ArchVisCharacter
LogPluginManager: Mounting plugin AudioCapture
LogPluginManager: Mounting plugin CableComponent
LogPluginManager: Mounting plugin CustomMeshComponent
LogPluginManager: Mounting plugin EditableMesh
LogPluginManager: Mounting plugin ExampleDeviceProfileSelector
LogPluginManager: Mounting plugin GoogleCloudMessaging
LogPluginManager: Mounting plugin ImmediatePhysics
LogPluginManager: Mounting plugin IOSDeviceProfileSelector
LogPluginManager: Mounting plugin LinuxDeviceProfileSelector
LogPluginManager: Mounting plugin LocationServicesBPLibrary
LogPluginManager: Mounting plugin MobilePatchingUtils
LogPluginManager: Mounting plugin OculusVR
LogPluginManager: Plugin shader directory ../../../Engine/Plugins/Runtime/Oculus/OculusVR/Shaders found
LogPluginManager: Mapping shader source directory ../../../Engine/Plugins/Runtime/Oculus/OculusVR/Shaders to virtual directory /Plugin/OculusVR
LogPluginManager: Mounting plugin PhysXVehicles
LogPluginManager: Mounting plugin ProceduralMeshComponent
LogPluginManager: Mounting plugin RuntimePhysXCooking
LogPluginManager: Mounting plugin SteamVR
LogPluginManager: Mounting plugin WindowsMoviePlayer
LogStreaming: Display: Took  0.230s to configure plugins.
LogInit: Using libcurl 7.55.1-DEV
LogInit:  - built for x86_64-pc-win32
LogInit:  - supports SSL with OpenSSL/1.0.2h
LogInit:  - supports HTTP deflate (compression) using libz 1.2.8
LogInit:  - other features:
LogInit:      CURL_VERSION_SSL
LogInit:      CURL_VERSION_LIBZ
LogInit:      CURL_VERSION_IPV6
LogInit:      CURL_VERSION_ASYNCHDNS
LogInit:      CURL_VERSION_LARGEFILE
LogInit:      CURL_VERSION_IDN
LogInit:  CurlRequestOptions (configurable via config and command line):
LogInit:  - bVerifyPeer = false  - Libcurl will NOT verify peer certificate
LogInit:  - bUseHttpProxy = false  - Libcurl will NOT use HTTP proxy
LogInit:  - bDontReuseConnections = false  - Libcurl will reuse connections
LogInit:  - CertBundlePath = nullptr  - Libcurl will use whatever was configured at build time.
LogInit:  - MaxHostConnections = 16  - Libcurl will limit the number of connections to a host
LogInit:  - LocalHostAddr = Default
LogInit:  - BufferSize = 65536
LogInit: WinSock: version 1.1 (2.2), MaxSocks=32767, MaxUdp=65467
LogInit: Build: ++UE4+Release-4.20-CL-4369336
LogInit: Engine Version: 4.20.3-4369336+++UE4+Release-4.20
LogInit: Compatible Engine Version: 4.20.0-4212847+++UE4+Release-4.20
LogInit: Net CL: 4212847
LogInit: OS: Windows 10 (), CPU: Intel(R) Core(TM) i7-6700 CPU @ 3.40GHz, GPU: NVIDIA GeForce GTX 1080
LogInit: Compiled (64-bit): Sep 17 2018 12:26:19
LogInit: Compiled with Visual C++: 19.13.26129.00
LogInit: Build Configuration: Development
LogInit: Branch Name: ++UE4+Release-4.20
LogInit: Command Line:  
LogInit: Base Directory: D:/Games/UE_4.20/Engine/Binaries/Win64/
LogInit: Installed Engine Build: 1
LogDevObjectVersion: Number of dev versions registered: 20
LogDevObjectVersion:   Dev-Blueprints (B0D832E4-1F89-4F0D-ACCF-7EB736FD4AA2): 10
LogDevObjectVersion:   Dev-Build (E1C64328-A22C-4D53-A36C-8E866417BD8C): 0
LogDevObjectVersion:   Dev-Core (375EC13C-06E4-48FB-B500-84F0262A717E): 2
LogDevObjectVersion:   Dev-Editor (E4B068ED-F494-42E9-A231-DA0B2E46BB41): 24
LogDevObjectVersion:   Dev-Framework (CFFC743F-43B0-4480-9391-14DF171D2073): 34
LogDevObjectVersion:   Dev-Mobile (B02B49B5-BB20-44E9-A304-32B752E40360): 2
LogDevObjectVersion:   Dev-Networking (A4E4105C-59A1-49B5-A7C5-40C4547EDFEE): 0
LogDevObjectVersion:   Dev-Online (39C831C9-5AE6-47DC-9A44-9C173E1C8E7C): 0
LogDevObjectVersion:   Dev-Physics (78F01B33-EBEA-4F98-B9B4-84EACCB95AA2): 0
LogDevObjectVersion:   Dev-Platform (6631380F-2D4D-43E0-8009-CF276956A95A): 0
LogDevObjectVersion:   Dev-Rendering (12F88B9F-8875-4AFC-A67C-D90C383ABD29): 26
LogDevObjectVersion:   Dev-Sequencer (7B5AE74C-D270-4C10-A958-57980B212A5A): 9
LogDevObjectVersion:   Dev-VR (D7296918-1DD6-4BDD-9DE2-64A83CC13884): 2
LogDevObjectVersion:   Dev-LoadTimes (C2A15278-BFE7-4AFE-6C17-90FF531DF755): 1
LogDevObjectVersion:   Private-Geometry (6EACA3D4-40EC-4CC1-B786-8BED09428FC5): 3
LogDevObjectVersion:   Dev-AnimPhys (29E575DD-E0A3-4627-9D10-D276232CDCEA): 17
LogDevObjectVersion:   Dev-ReflectionCapture (6B266CEC-1EC7-4B8F-A30B-E4D90942FC07): 1
LogDevObjectVersion:   Dev-Automation (0DF73D61-A23F-47EA-B727-89E90C41499A): 1
LogDevObjectVersion:   FortniteMain (601D1886-AC64-4F84-AA16-D3DE0DEAC7D6): 12
LogDevObjectVersion:   Dev-Enterprise (9DFFBCD6-494F-0158-E221-12823C92A888): 1
LogStreaming: Display: Took  0.002s to delete old logs.
LogInit: Presizing for max 8388607 objects, including 0 objects not considered by GC, pre-allocating 0 bytes for permanent pool.
LogInit: Object subsystem initialized
[2018.12.03-00.19.13:836][  0]LogInit: Selected Device Profile: [Windows]
[2018.12.03-00.19.13:836][  0]LogInit: Applying CVar settings loaded from the selected device profile: [Windows]
[2018.12.03-00.19.13:886][  0]LogHAL: Display: Platform has ~ 32 GB [34270765056 / 34359738368 / 32], which maps to Largest [LargestMinGB=32, LargerMinGB=12, DefaultMinGB=8, SmallerMinGB=6, SmallestMinGB=0)
[2018.12.03-00.19.13:886][  0]LogInit: Setting Device Profile CVar: [[r.Vulkan.UseRealUBs:1]]
[2018.12.03-00.19.13:886][  0]LogInit: Going up to parent DeviceProfile []
[2018.12.03-00.19.13:928][  0]LogInit: Computer: DESKTOP-IU4E49L
[2018.12.03-00.19.13:928][  0]LogInit: User: minta
[2018.12.03-00.19.13:928][  0]LogInit: CPU Page size=4096, Cores=4
[2018.12.03-00.19.13:928][  0]LogInit: High frequency timer resolution =3.328121 MHz
[2018.12.03-00.19.13:928][  0]LogMemory: Memory total: Physical=31.9GB (32GB approx)
[2018.12.03-00.19.13:928][  0]LogMemory: Platform Memory Stats for Windows
[2018.12.03-00.19.13:928][  0]LogMemory: Process Physical Memory: 101.91 MB used, 101.91 MB peak
[2018.12.03-00.19.13:928][  0]LogMemory: Process Virtual Memory: 93.05 MB used, 93.05 MB peak
[2018.12.03-00.19.13:928][  0]LogMemory: Physical Memory: 15584.25 MB used,  17098.90 MB free, 32683.15 MB total
[2018.12.03-00.19.13:928][  0]LogMemory: Virtual Memory: 4642.38 MB used,  17098.90 MB free, 134217728.00 MB total
[2018.12.03-00.19.15:322][  0]LogInit: Using OS detected language (en-US).
[2018.12.03-00.19.15:322][  0]LogInit: Using OS detected locale (en-CA).
[2018.12.03-00.19.15:392][  0]LogTextLocalizationManager: No specific localization for 'en-US' exists, so the 'en' localization will be used.
[2018.12.03-00.19.17:431][  0]LogStreaming: Display: Took  2.109s to InitEngineTextLocalization.
[2018.12.03-00.19.17:431][  0]LogInit: Setting process to per monitor DPI aware
[2018.12.03-00.19.18:201][  0]LogSlate: New Slate User Created.  User Index 0, Is Virtual User: 0
[2018.12.03-00.19.18:201][  0]LogSlate: Slate User Registered.  User Index 0, Is Virtual User: 0
[2018.12.03-00.19.24:613][  0]LogHMD: Failed to initialize OpenVR with code 110
[2018.12.03-00.19.24:614][  0]LogD3D11RHI: D3D11 adapters:
[2018.12.03-00.19.24:668][  0]LogD3D11RHI:    0. 'NVIDIA GeForce GTX 1080' (Feature Level 11_0)
[2018.12.03-00.19.24:668][  0]LogD3D11RHI:       8086/0/16341 MB DedicatedVideo/DedicatedSystem/SharedSystem, Outputs:2, VendorId:0x10de
[2018.12.03-00.19.24:670][  0]LogD3D11RHI:    1. 'Microsoft Basic Render Driver' (Feature Level 11_0)
[2018.12.03-00.19.24:670][  0]LogD3D11RHI:       0/0/16341 MB DedicatedVideo/DedicatedSystem/SharedSystem, Outputs:0, VendorId:0x1414
[2018.12.03-00.19.24:670][  0]LogD3D11RHI: Chosen D3D11 Adapter: 0
[2018.12.03-00.19.24:679][  0]LogD3D11RHI: Creating new Direct3DDevice
[2018.12.03-00.19.24:679][  0]LogD3D11RHI:     GPU DeviceId: 0x1b80 (for the marketing name, search the web for "GPU Device Id")
[2018.12.03-00.19.24:679][  0]LogWindows: EnumDisplayDevices:
[2018.12.03-00.19.24:679][  0]LogWindows:    0. 'NVIDIA GeForce GTX 1080' (P:0 D:1)
[2018.12.03-00.19.24:679][  0]LogWindows:    1. 'NVIDIA GeForce GTX 1080' (P:1 D:1)
[2018.12.03-00.19.24:680][  0]LogWindows:    2. 'NVIDIA GeForce GTX 1080' (P:0 D:0)
[2018.12.03-00.19.24:680][  0]LogWindows:    3. 'NVIDIA GeForce GTX 1080' (P:0 D:0)
[2018.12.03-00.19.24:680][  0]LogWindows: DebugString: FoundDriverCount:4 
[2018.12.03-00.19.24:680][  0]LogD3D11RHI:     Adapter Name: NVIDIA GeForce GTX 1080
[2018.12.03-00.19.24:680][  0]LogD3D11RHI:   Driver Version: 388.13 (internal:23.21.13.8813, unified:388.13)
[2018.12.03-00.19.24:680][  0]LogD3D11RHI:      Driver Date: 10-27-2017
[2018.12.03-00.19.24:680][  0]LogRHI: Texture pool is 5660 MB (70% of 8086 MB)
[2018.12.03-00.19.24:708][  0]LogD3D11RHI: Async texture creation enabled
[2018.12.03-00.19.24:772][  0]LogD3D11RHI: GPU Timing Frequency: 1000.000000 (Debug: 2 1)
[2018.12.03-00.19.24:868][  0]LogShaderCompilers: Guid format shader working directory is 15 characters bigger than the processId version (C:/GitProjects/WeAreGods-Unreal/Intermediate/Shaders/WorkingDirectory/3804/).
[2018.12.03-00.19.24:868][  0]LogShaderCompilers: Cleaned the shader compiler working directory 'C:/Users/minta/AppData/Local/Temp/UnrealShaderWorkingDir/6A698EFB472DB980C6BD40969B4BC806/'.
[2018.12.03-00.19.25:713][  0]LogTemp: Display: Loaded TP AllDesktopTargetPlatform
[2018.12.03-00.19.25:753][  0]LogTemp: Display: Loaded TP MacClientTargetPlatform
[2018.12.03-00.19.25:788][  0]LogTemp: Display: Loaded TP MacNoEditorTargetPlatform
[2018.12.03-00.19.25:822][  0]LogTemp: Display: Loaded TP MacServerTargetPlatform
[2018.12.03-00.19.25:895][  0]LogTemp: Display: Loaded TP MacTargetPlatform
[2018.12.03-00.19.25:923][  0]LogTemp: Display: Loaded TP WindowsClientTargetPlatform
[2018.12.03-00.19.25:957][  0]LogTemp: Display: Loaded TP WindowsNoEditorTargetPlatform
[2018.12.03-00.19.26:000][  0]LogTemp: Display: Loaded TP WindowsServerTargetPlatform
[2018.12.03-00.19.26:025][  0]LogTemp: Display: Loaded TP WindowsTargetPlatform
[2018.12.03-00.19.26:141][  0]LogTemp: Display: Loaded TP AndroidTargetPlatform
[2018.12.03-00.19.26:141][  0]LogTemp: Display: Loaded TP AndroidTargetPlatform
[2018.12.03-00.19.26:141][  0]LogTemp: Display: Loaded TP AndroidTargetPlatform
[2018.12.03-00.19.26:141][  0]LogTemp: Display: Loaded TP AndroidTargetPlatform
[2018.12.03-00.19.26:141][  0]LogTemp: Display: Loaded TP AndroidTargetPlatform
[2018.12.03-00.19.26:141][  0]LogTemp: Display: Loaded TP AndroidTargetPlatform
[2018.12.03-00.19.26:141][  0]LogTemp: Display: Loaded TP AndroidTargetPlatform
[2018.12.03-00.19.26:141][  0]LogTemp: Display: Loaded TP AndroidTargetPlatform
[2018.12.03-00.19.26:141][  0]LogTemp: Display: Loaded TP AndroidTargetPlatform
[2018.12.03-00.19.26:141][  0]LogTemp: Display: Loaded TP AndroidTargetPlatform
[2018.12.03-00.19.26:141][  0]LogTemp: Display: Loaded TP AndroidTargetPlatform
[2018.12.03-00.19.26:141][  0]LogTemp: Display: Loaded TP AndroidTargetPlatform
[2018.12.03-00.19.26:141][  0]LogTemp: Display: Loaded TP AndroidTargetPlatform
[2018.12.03-00.19.26:141][  0]LogTemp: Display: Loaded TP AndroidTargetPlatform
[2018.12.03-00.19.26:141][  0]LogTemp: Display: Loaded TP AndroidTargetPlatform
[2018.12.03-00.19.26:141][  0]LogTemp: Display: Loaded TP AndroidTargetPlatform
[2018.12.03-00.19.26:141][  0]LogTemp: Display: Loaded TP AndroidTargetPlatform
[2018.12.03-00.19.26:141][  0]LogTemp: Display: Loaded TP AndroidTargetPlatform
[2018.12.03-00.19.26:164][  0]LogTemp: Display: Loaded TP HTML5TargetPlatform
[2018.12.03-00.19.26:389][  0]LogTemp: Display: Loaded TP IOSTargetPlatform
[2018.12.03-00.19.26:389][  0]LogTemp: Display: Loaded TP IOSTargetPlatform
[2018.12.03-00.19.26:447][  0]LogTemp: Display: Loaded TP TVOSTargetPlatform
[2018.12.03-00.19.26:447][  0]LogTemp: Display: Loaded TP TVOSTargetPlatform
[2018.12.03-00.19.26:497][  0]LogTemp: Display: Loaded TP LinuxClientTargetPlatform
[2018.12.03-00.19.26:526][  0]LogTemp: Display: Loaded TP LinuxNoEditorTargetPlatform
[2018.12.03-00.19.26:576][  0]LogTemp: Display: Loaded TP LinuxServerTargetPlatform
[2018.12.03-00.19.26:629][  0]LogTemp: Display: Loaded TP LinuxTargetPlatform
[2018.12.03-00.19.26:656][  0]LogTemp: Display: Loaded TP LuminTargetPlatform
[2018.12.03-00.19.26:656][  0]LogTargetPlatformManager: Display: Building Assets For Windows
[2018.12.03-00.19.28:280][  0]LogXGEController: Cleaning working directory: C:/Users/minta/AppData/Local/Temp/UnrealXGEWorkingDir/
[2018.12.03-00.19.28:280][  0]LogXGEController: Cannot use XGE Controller as Incredibuild is not installed on this machine.
[2018.12.03-00.19.28:280][  0]LogShaderCompilers: Cannot use XGE Shader Compiler as Incredibuild is not installed on this machine.
[2018.12.03-00.19.28:280][  0]LogShaderCompilers: Display: Using Local Shader Compiler.
[2018.12.03-00.19.30:787][  0]LogDerivedDataCache: Display: Max Cache Size: 512 MB
[2018.12.03-00.19.31:019][  0]LogDerivedDataCache: Loaded boot cache 0.23s 71MB C:/Users/minta/AppData/Local/UnrealEngine/4.20/DerivedDataCache/Boot.ddc.
[2018.12.03-00.19.31:019][  0]LogDerivedDataCache: Display: Loaded Boot cache: C:/Users/minta/AppData/Local/UnrealEngine/4.20/DerivedDataCache/Boot.ddc
[2018.12.03-00.19.31:019][  0]LogDerivedDataCache: FDerivedDataBackendGraph:  Pak pak cache file C:/GitProjects/WeAreGods-Unreal/DerivedDataCache/DDC.ddp not found, will not use a pak cache.
[2018.12.03-00.19.31:020][  0]LogDerivedDataCache: Unable to find inner node Pak for hierarchical cache Hierarchy.
[2018.12.03-00.19.31:020][  0]LogDerivedDataCache: FDerivedDataBackendGraph:  CompressedPak pak cache file C:/GitProjects/WeAreGods-Unreal/DerivedDataCache/Compressed.ddp not found, will not use a pak cache.
[2018.12.03-00.19.31:020][  0]LogDerivedDataCache: Unable to find inner node CompressedPak for hierarchical cache Hierarchy.
[2018.12.03-00.19.31:101][  0]LogDerivedDataCache: Display: Pak cache opened for reading ../../../Engine/DerivedDataCache/Compressed.ddp.
[2018.12.03-00.19.31:113][  0]LogDerivedDataCache: Using Local data cache path C:/Users/minta/AppData/Local/UnrealEngine/Common/DerivedDataCache: Writable
[2018.12.03-00.19.31:113][  0]LogDerivedDataCache: Shared data cache path not found in *engine.ini, will not use an Shared cache.
[2018.12.03-00.19.31:113][  0]LogDerivedDataCache: Unable to find inner node Shared for hierarchical cache Hierarchy.
[2018.12.03-00.19.31:133][  0]LogMaterial: Verifying Global Shaders for PCD3D_SM5
[2018.12.03-00.19.31:134][  0]LogSlate: Using FreeType 2.6.0
[2018.12.03-00.19.31:232][  0]LogSlate: SlateFontServices - WITH_FREETYPE: 1, WITH_HARFBUZZ: 1
[2018.12.03-00.19.32:090][  0]LogAssetRegistry: FAssetRegistry took 0.0261 seconds to start up
[2018.12.03-00.19.32:419][  0]LogInit: Selected Device Profile: [Windows]
[2018.12.03-00.19.34:967][  0]LogSimplygon: Simplygon DLL not present - disabling.
[2018.12.03-00.19.35:540][  0]LogMeshReduction: Using SimplygonSwarm for distributed automatic mesh merging
[2018.12.03-00.19.35:541][  0]LogMeshReduction: Using ProxyLODMeshReduction for automatic mesh merging
[2018.12.03-00.19.35:560][  0]LogMeshReduction: Using QuadricMeshReduction for automatic static mesh reduction
[2018.12.03-00.19.35:560][  0]LogMeshReduction: No automatic skeletal mesh reduction module available
[2018.12.03-00.19.35:825][  0]LogNetVersion: WeAreGods 1.0.0, NetCL: 4212847, EngineNetVer: 5, GameNetVer: 0 (Checksum: 1981251198)
[2018.12.03-00.19.39:604][  0]LogPackageLocalizationCache: Processed 11 localized package path(s) for 2 prioritized culture(s) in 0.110123 seconds
[2018.12.03-00.19.39:611][  0]LogUObjectArray: 38425 objects as part of root set at end of initial load.
[2018.12.03-00.19.39:611][  0]LogUObjectAllocator: 6690864 out of 0 bytes used by permanent object pool.
[2018.12.03-00.19.39:611][  0]LogUObjectArray: CloseDisregardForGC: 0/0 objects in disregard for GC pool
[2018.12.03-00.20.02:127][  0]LogTcpMessaging: Initializing TcpMessaging bridge
[2018.12.03-00.20.02:161][  0]LogUdpMessaging: Initializing bridge on interface 0.0.0.0:0 to multicast group 230.0.0.1:6666.
[2018.12.03-00.20.03:420][  0]SourceControl: Source control is disabled
[2018.12.03-00.20.03:421][  0]SourceControl: Source control is disabled
[2018.12.03-00.20.03:478][  0]SourceControl: Source control is disabled
[2018.12.03-00.20.03:516][  0]SourceControl: Source control is disabled
[2018.12.03-00.20.04:706][  0]LogAndroidPermission: UAndroidPermissionCallbackProxy::GetInstance
[2018.12.03-00.20.04:920][  0]LogOcInput: OculusInput pre-init called
[2018.12.03-00.20.05:451][  0]LogEngine: Initializing Engine...
[2018.12.03-00.20.05:452][  0]LogHMD: Failed to initialize OpenVR with code 110
[2018.12.03-00.20.05:454][  0]LogStats: UGameplayTagsManager::ConstructGameplayTagTree: ImportINI prefixes -  0.000 s
[2018.12.03-00.20.05:454][  0]LogStats: UGameplayTagsManager::ConstructGameplayTagTree: Construct from data asset -  0.000 s
[2018.12.03-00.20.05:454][  0]LogStats: UGameplayTagsManager::ConstructGameplayTagTree: ImportINI -  0.000 s
[2018.12.03-00.20.05:454][  0]LogStats: UGameplayTagsManager::ConstructGameplayTagTree: GameplayTagTreeChangedEvent.Broadcast -  0.000 s
[2018.12.03-00.20.06:159][  0]LogInit: Initializing FReadOnlyCVARCache
[2018.12.03-00.20.06:201][  0]LogAIModule: Creating AISystem for world Untitled
[2018.12.03-00.20.06:231][  0]LogInit: XAudio2 using 'Speakers (Realtek High Definition Audio)' : 2 channels at 48 kHz using 32 bits per sample (channel mask 0x3)
[2018.12.03-00.20.06:247][  0]LogInit: FAudioDevice initialized.
[2018.12.03-00.20.06:247][  0]LogNetVersion: Set ProjectVersion to 1.0.0.0. Version Checksum will be recalculated on next use.
[2018.12.03-00.20.06:313][  0]LogDerivedDataCache: Saved boot cache 0.07s 71MB C:/Users/minta/AppData/Local/UnrealEngine/4.20/DerivedDataCache/Boot.ddc.
[2018.12.03-00.20.06:326][  0]LogInit: Texture streaming: Enabled
[2018.12.03-00.20.06:493][  0]LogEngineSessionManager: EngineSessionManager initialized
[2018.12.03-00.20.06:545][  0]LogInit: Transaction tracking system initialized
[2018.12.03-00.20.06:961][  0]BlueprintLog: New page: Editor Load
[2018.12.03-00.20.09:126][  0]LocalizationService: Localization service is disabled
[2018.12.03-00.20.14:078][  0]LogCook: Display: Max memory allowance for cook 16384mb min free memory 0mb
[2018.12.03-00.20.14:078][  0]LogCook: Display: Mobile HDR setting 0
[2018.12.03-00.20.14:078][  0]LogGameplayTags: Display: UGameplayTagsManager::DoneAddingNativeTags. DelegateIsBound: 0
[2018.12.03-00.20.14:078][  0]LogStats: UGameplayTagsManager::ConstructGameplayTagTree: ImportINI prefixes -  0.000 s
[2018.12.03-00.20.14:078][  0]LogStats: UGameplayTagsManager::ConstructGameplayTagTree: Construct from data asset -  0.000 s
[2018.12.03-00.20.14:078][  0]LogStats: UGameplayTagsManager::ConstructGameplayTagTree: ImportINI -  0.000 s
[2018.12.03-00.20.14:078][  0]LogStats: UGameplayTagsManager::ConstructGameplayTagTree: GameplayTagTreeChangedEvent.Broadcast -  0.000 s
[2018.12.03-00.20.14:483][  0]LogFileCache: Scanning file cache for directory 'C:/GitProjects/WeAreGods-Unreal/Content/' took 0.02s
[2018.12.03-00.20.16:474][  0]SourceControl: Source control is disabled
[2018.12.03-00.20.16:474][  0]Cmd: MAP LOAD FILE="C:/GitProjects/WeAreGods-Unreal/Content/Level_00.umap" TEMPLATE=0 SHOWPROGRESS=1 FEATURELEVEL=3
[2018.12.03-00.20.16:475][  0]LightingResults: New page: Lighting Build
[2018.12.03-00.20.16:476][  0]MapCheck: New page: Map Check
[2018.12.03-00.20.16:476][  0]LightingResults: New page: Lighting Build
[2018.12.03-00.20.19:434][  0]LogAIModule: Creating AISystem for world Level_00
[2018.12.03-00.20.20:753][  0]LogEditorServer: Finished looking for orphan Actors (0.001 secs)
[2018.12.03-00.20.21:275][  0]Cmd: MAP CHECKDEP NOCLEARLOG
[2018.12.03-00.20.21:327][  0]MapCheck: Map check complete: 0 Error(s), 0 Warning(s), took 52.417ms to complete.
[2018.12.03-00.20.21:328][  0]LogFileHelpers: Loading map 'Level_00' took 4.854
[2018.12.03-00.20.24:197][  0]LogSlate: Updating window title bar state: overlay mode, drag disabled, window buttons hidden, title bar hidden
[2018.12.03-00.20.24:251][  0]LogSlate: Updating window title bar state: overlay mode, drag disabled, window buttons hidden, title bar hidden
[2018.12.03-00.20.24:264][  0]LogSlate: Updating window title bar state: overlay mode, drag disabled, window buttons hidden, title bar hidden
[2018.12.03-00.20.24:273][  0]LogSlate: Updating window title bar state: overlay mode, drag disabled, window buttons hidden, title bar hidden
[2018.12.03-00.20.24:419][  0]LogCollectionManager: Loaded 0 collections in 0.000869 seconds
[2018.12.03-00.20.24:656][  0]LogFileCache: Scanning file cache for directory 'C:/GitProjects/WeAreGods-Unreal/Saved/Collections/' took 0.01s
[2018.12.03-00.20.24:656][  0]LogFileCache: Scanning file cache for directory 'C:/GitProjects/WeAreGods-Unreal/Content/Developers/minta/Collections/' took 0.01s
[2018.12.03-00.20.24:656][  0]LogFileCache: Scanning file cache for directory 'C:/GitProjects/WeAreGods-Unreal/Content/Collections/' took 0.01s
[2018.12.03-00.20.24:656][  0]LogCollectionManager: Rebuilt the GUID cache for 0 collections in 0.000001 seconds
[2018.12.03-00.20.24:672][  0]LogContentBrowser: Native class hierarchy populated in 0.0135 seconds. Added 2572 classes and 603 folders.
[2018.12.03-00.20.24:953][  0]LogContentBrowser: Native class hierarchy updated for 'WidgetCarousel' in 0.0002 seconds. Added 0 classes and 0 folders.
[2018.12.03-00.20.26:124][  0]LogContentBrowser: Native class hierarchy updated for 'AddContentDialog' in 0.0002 seconds. Added 0 classes and 0 folders.
[2018.12.03-00.20.26:200][  0]LogContentBrowser: Native class hierarchy updated for 'SceneOutliner' in 0.0004 seconds. Added 1 classes and 2 folders.
[2018.12.03-00.20.27:027][  0]LogSlate: Took 0.024955 seconds to synchronously load lazily loaded font '../../../Engine/Content/Slate/Fonts/Roboto-Regular.ttf' (155K)
[2018.12.03-00.20.27:070][  0]LogSlate: Took 0.017749 seconds to synchronously load lazily loaded font '../../../Engine/Content/Slate/Fonts/Roboto-Bold.ttf' (160K)
[2018.12.03-00.20.27:185][  0]LogSlate: Took 0.029024 seconds to synchronously load lazily loaded font '../../../Engine/Content/Editor/Slate/Fonts/FontAwesome.ttf' (139K)
[2018.12.03-00.20.27:961][  0]LogRenderer: Reallocating scene render targets to support 1168x600 Format 10 NumSamples 1 (Frame:1).
[2018.12.03-00.20.28:803][  0]LogSlate: Took 0.031372 seconds to synchronously load lazily loaded font '../../../Engine/Content/Slate/Fonts/Roboto-Light.ttf' (167K)
[2018.12.03-00.20.29:106][  0]LogContentBrowser: Native class hierarchy updated for 'HierarchicalLODOutliner' in 0.0002 seconds. Added 0 classes and 0 folders.
[2018.12.03-00.20.29:106][  0]LogLoad: (Engine Initialization) Total time: 103.58 seconds
[2018.12.03-00.20.29:106][  0]LogLoad: (Engine Initialization) Total Blueprint compile time: 0.00 seconds
[2018.12.03-00.20.29:771][  0]LogContentStreaming: Texture pool size now 1000 MB
[2018.12.03-00.20.30:635][  3]LogAssetRegistry: Asset discovery search completed in 58.5669 seconds
[2018.12.03-00.20.30:638][  3]LogCollectionManager: Rebuilt the object cache for 0 collections in 0.000001 seconds (found 0 objects)
[2018.12.03-00.20.30:638][  3]LogCollectionManager: Fixed up redirectors for 0 collections in 0.000092 seconds (updated 0 objects)
[2018.12.03-00.33.47:195][621]LogSlate: FSceneViewport::OnFocusLost() reason 0
[2018.12.03-00.34.01:687][203]LogSlate: Took 0.000177 seconds to synchronously load lazily loaded font '../../../Engine/Content/Slate/Fonts/Roboto-Light.ttf' (167K)
[2018.12.03-00.34.01:758][203]LogFactory: FactoryCreateFile: Texture with ReimportTextureFactory (0 0 C:\Users\minta\Creative Cloud Files\WeAreGodsAssets\Raa.png)
[2018.12.03-00.34.02:561][203]LogTexture: Display: Building textures: Raa (AutoDXT, 4000X4000)
[2018.12.03-00.34.14:161][425]Cmd: OBJ SAVEPACKAGE PACKAGE="/Game/2DSideScroller/Sprites/Animations/Ra/Raa" FILE="C:/GitProjects/WeAreGods-Unreal/Content/2DSideScroller/Sprites/Animations/Ra/Raa.uasset" SILENT=true
[2018.12.03-00.34.16:204][425]LogSavePackage: Moving 'C:/GitProjects/WeAreGods-Unreal/Saved/Raa781192764363C504B4B1B4B5B2348DEC.tmp' to 'C:/GitProjects/WeAreGods-Unreal/Content/2DSideScroller/Sprites/Animations/Ra/Raa.uasset'
[2018.12.03-00.34.17:073][523]LogAssetEditorManager: Opening Asset editor for Texture2D /Game/2DSideScroller/Sprites/Animations/Ra/Raa.Raa
[2018.12.03-00.34.17:138][523]LogContentBrowser: Native class hierarchy updated for 'TextureEditor' in 0.0003 seconds. Added 1 classes and 2 folders.
[2018.12.03-00.34.21:051][824]LogTexture: Display: Building textures: Raa (RGBA16F, 4000X4000)
[2018.12.03-00.34.25:552][190]LogTexture: Display: Building textures: Raa (RGBA16F, 4000X4000)
[2018.12.03-00.34.32:337][744]Cmd: OBJ SAVEPACKAGE PACKAGE="/Game/2DSideScroller/Sprites/Animations/Ra/Raa_Sprite" FILE="C:/GitProjects/WeAreGods-Unreal/Content/2DSideScroller/Sprites/Animations/Ra/Raa_Sprite.uasset" SILENT=true
[2018.12.03-00.34.32:350][744]LogSavePackage: Moving 'C:/GitProjects/WeAreGods-Unreal/Saved/Raa_SpriteED3AB67241BEAC352676F8A8C4662E8C.tmp' to 'C:/GitProjects/WeAreGods-Unreal/Content/2DSideScroller/Sprites/Animations/Ra/Raa_Sprite.uasset'
[2018.12.03-00.34.32:360][744]Cmd: OBJ SAVEPACKAGE PACKAGE="/Game/2DSideScroller/Sprites/Animations/Ra/Raa" FILE="C:/GitProjects/WeAreGods-Unreal/Content/2DSideScroller/Sprites/Animations/Ra/Raa.uasset" SILENT=true
[2018.12.03-00.34.32:659][744]LogSavePackage: Moving 'C:/GitProjects/WeAreGods-Unreal/Saved/RaaBFD3BBE34A272BBCA4BFC399590CA15F.tmp' to 'C:/GitProjects/WeAreGods-Unreal/Content/2DSideScroller/Sprites/Animations/Ra/Raa.uasset'
[2018.12.03-00.34.37:590][194]LogSlate: FSceneViewport::OnFocusLost() reason 2
[2018.12.03-00.34.46:716][258]LogSlate: FSceneViewport::OnFocusLost() reason 0
[2018.12.03-00.34.46:782][266]LogTemp: Repeating last play command: New Editor Window (PIE)
[2018.12.03-00.34.46:834][266]LogPlayLevel: PlayLevel: No blueprints needed recompiling
[2018.12.03-00.34.46:981][266]PIE: New page: PIE session: Level_00 (Dec 2, 2018, 8:34:46 AM)
[2018.12.03-00.34.46:981][266]LogPlayLevel: Creating play world package: /Game/UEDPIE_0_Level_00
[2018.12.03-00.34.47:053][266]LogPlayLevel: PIE: StaticDuplicateObject took: (0.071746s)
[2018.12.03-00.34.47:053][266]LogAIModule: Creating AISystem for world Level_00
[2018.12.03-00.34.47:063][266]LogPlayLevel: PIE: World Init took: (0.010531s)
[2018.12.03-00.34.47:064][266]LogPlayLevel: PIE: Created PIE world by copying editor world from /Game/Level_00.Level_00 to /Game/UEDPIE_0_Level_00.Level_00 (0.082495s)
[2018.12.03-00.34.47:176][266]LogInit: XAudio2 using 'Speakers (Realtek High Definition Audio)' : 2 channels at 48 kHz using 32 bits per sample (channel mask 0x3)
[2018.12.03-00.34.47:188][266]LogInit: FAudioDevice initialized.
[2018.12.03-00.34.47:217][266]LogSlate: Updating window title bar state: overlay mode, drag disabled, window buttons hidden, title bar hidden
[2018.12.03-00.34.47:303][266]LogLoad: Game class is '2DSideScrollerGameMode_C'
[2018.12.03-00.34.47:432][266]LogWorld: Bringing World /Game/UEDPIE_0_Level_00.Level_00 up for play (max tick rate 0) at 2018.12.02-16.34.47
[2018.12.03-00.34.47:492][266]LogWorld: Bringing up level for play took: 0.060156
[2018.12.03-00.34.47:638][266]LogContentBrowser: Native class hierarchy updated for 'MovieSceneCapture' in 0.0003 seconds. Added 10 classes and 0 folders.
[2018.12.03-00.34.47:808][266]PIE: Play in editor start time for /Game/UEDPIE_0_Level_00 0.342
[2018.12.03-00.34.48:010][266]LogRenderer: Reallocating scene render targets to support 1932x1116 Format 10 NumSamples 1 (Frame:1).
[2018.12.03-00.34.57:346][361]LogSlate: Updating window title bar state: overlay mode, drag disabled, window buttons hidden, title bar hidden
[2018.12.03-00.34.57:365][361]LogSlate: Window 'WeAreGods Game Preview Standalone (64-bit/PCD3D_SM5)' being destroyed
[2018.12.03-00.34.57:411][361]LogPlayLevel: Display: Shutting down PIE online subsystems
[2018.12.03-00.34.57:562][362]LogPlayLevel: Display: Destroying online subsystem :Context_2
[2018.12.03-00.35.14:634][484]LogSlate: FSceneViewport::OnFocusLost() reason 0
[2018.12.03-00.35.14:922][484]LogTemp: Repeating last play command: New Editor Window (PIE)
[2018.12.03-00.35.14:938][484]LogPlayLevel: PlayLevel: No blueprints needed recompiling
[2018.12.03-00.35.14:938][484]PIE: New page: PIE session: Level_00 (Dec 2, 2018, 8:35:14 AM)
[2018.12.03-00.35.14:938][484]LogPlayLevel: Creating play world package: /Game/UEDPIE_0_Level_00
[2018.12.03-00.35.14:939][484]LogPlayLevel: PIE: StaticDuplicateObject took: (0.001257s)
[2018.12.03-00.35.14:940][484]LogAIModule: Creating AISystem for world Level_00
[2018.12.03-00.35.14:940][484]LogPlayLevel: PIE: World Init took: (0.000533s)
[2018.12.03-00.35.14:940][484]LogPlayLevel: PIE: Created PIE world by copying editor world from /Game/Level_00.Level_00 to /Game/UEDPIE_0_Level_00.Level_00 (0.001876s)
[2018.12.03-00.35.14:983][484]LogInit: XAudio2 using 'Speakers (Realtek High Definition Audio)' : 2 channels at 48 kHz using 32 bits per sample (channel mask 0x3)
[2018.12.03-00.35.14:996][484]LogInit: FAudioDevice initialized.
[2018.12.03-00.35.15:007][484]LogSlate: Updating window title bar state: overlay mode, drag disabled, window buttons hidden, title bar hidden
[2018.12.03-00.35.15:049][484]LogLoad: Game class is '2DSideScrollerGameMode_C'
[2018.12.03-00.35.15:050][484]LogWorld: Bringing World /Game/UEDPIE_0_Level_00.Level_00 up for play (max tick rate 0) at 2018.12.02-16.35.15
[2018.12.03-00.35.15:050][484]LogWorld: Bringing up level for play took: 0.000722
[2018.12.03-00.35.15:067][484]PIE: Play in editor start time for /Game/UEDPIE_0_Level_00 -0.399
[2018.12.03-00.35.17:870][787]LogSlate: FSceneViewport::OnFocusLost() reason 2
[2018.12.03-00.35.18:795][868]LogSlate: FSceneViewport::OnFocusLost() reason 2
[2018.12.03-00.35.49:096][245]LogSlate: Updating window title bar state: overlay mode, drag disabled, window buttons hidden, title bar hidden
[2018.12.03-00.35.49:118][245]LogSlate: Window 'WeAreGods Game Preview Standalone (64-bit/PCD3D_SM5)' being destroyed
[2018.12.03-00.35.49:148][245]LogPlayLevel: Display: Shutting down PIE online subsystems
[2018.12.03-00.35.49:411][246]LogPlayLevel: Display: Destroying online subsystem :Context_3
[2018.12.03-00.35.54:722][332]LogSlate: FSceneViewport::OnFocusLost() reason 0
[2018.12.03-00.35.54:867][347]LogAssetEditorManager: Opening Asset editor for PaperSprite /Game/2DSideScroller/Sprites/Animations/Ra/Raa_Sprite.Raa_Sprite
[2018.12.03-00.35.55:078][347]LogSlate: Took 0.031677 seconds to synchronously load lazily loaded font '../../../Engine/Content/Slate/Fonts/Roboto-BoldCondensed.ttf' (158K)
[2018.12.03-00.36.06:785][928]LogSlate: FSceneViewport::OnFocusLost() reason 2
[2018.12.03-00.36.12:572][435]LogSlate: FSceneViewport::OnFocusLost() reason 2
[2018.12.03-00.36.12:585][435]Cmd: OBJ SAVEPACKAGE PACKAGE="/Game/2DSideScroller/Sprites/Animations/Ra/Raa_Sprite" FILE="C:/GitProjects/WeAreGods-Unreal/Content/2DSideScroller/Sprites/Animations/Ra/Raa_Sprite.uasset" SILENT=true
[2018.12.03-00.36.12:628][435]LogSavePackage: Moving 'C:/GitProjects/WeAreGods-Unreal/Saved/Raa_Sprite5B4F753E413D1A5670A44AA37D112FF9.tmp' to 'C:/GitProjects/WeAreGods-Unreal/Content/2DSideScroller/Sprites/Animations/Ra/Raa_Sprite.uasset'
[2018.12.03-00.36.14:364][641]LogSlate: FSceneViewport::OnFocusLost() reason 0
[2018.12.03-00.36.14:447][651]LogTemp: Repeating last play command: New Editor Window (PIE)
[2018.12.03-00.36.14:463][651]LogPlayLevel: PlayLevel: No blueprints needed recompiling
[2018.12.03-00.36.14:463][651]PIE: New page: PIE session: Level_00 (Dec 2, 2018, 8:36:14 AM)
[2018.12.03-00.36.14:463][651]LogPlayLevel: Creating play world package: /Game/UEDPIE_0_Level_00
[2018.12.03-00.36.14:465][651]LogPlayLevel: PIE: StaticDuplicateObject took: (0.001404s)
[2018.12.03-00.36.14:465][651]LogAIModule: Creating AISystem for world Level_00
[2018.12.03-00.36.14:465][651]LogPlayLevel: PIE: World Init took: (0.000558s)
[2018.12.03-00.36.14:465][651]LogPlayLevel: PIE: Created PIE world by copying editor world from /Game/Level_00.Level_00 to /Game/UEDPIE_0_Level_00.Level_00 (0.002059s)
[2018.12.03-00.36.14:508][651]LogInit: XAudio2 using 'Speakers (Realtek High Definition Audio)' : 2 channels at 48 kHz using 32 bits per sample (channel mask 0x3)
[2018.12.03-00.36.14:519][651]LogInit: FAudioDevice initialized.
[2018.12.03-00.36.14:530][651]LogSlate: Updating window title bar state: overlay mode, drag disabled, window buttons hidden, title bar hidden
[2018.12.03-00.36.14:577][651]LogLoad: Game class is '2DSideScrollerGameMode_C'
[2018.12.03-00.36.14:579][651]LogWorld: Bringing World /Game/UEDPIE_0_Level_00.Level_00 up for play (max tick rate 0) at 2018.12.02-16.36.14
[2018.12.03-00.36.14:579][651]LogWorld: Bringing up level for play took: 0.000844
[2018.12.03-00.36.14:596][651]PIE: Play in editor start time for /Game/UEDPIE_0_Level_00 1.13
[2018.12.03-00.37.03:513][281]LogSlate: Updating window title bar state: overlay mode, drag disabled, window buttons hidden, title bar hidden
[2018.12.03-00.37.03:530][281]LogSlate: Window 'WeAreGods Game Preview Standalone (64-bit/PCD3D_SM5)' being destroyed
[2018.12.03-00.37.03:563][281]LogPlayLevel: Display: Shutting down PIE online subsystems
[2018.12.03-00.37.03:855][282]LogPlayLevel: Display: Destroying online subsystem :Context_5
[2018.12.03-00.37.44:193][462]LogSlate: Window 'Raa_Sprite' being destroyed
[2018.12.03-00.37.44:197][462]LogSlate: Window 'Raa_Sprite' being destroyed
[2018.12.03-00.45.50:903][206]Cmd: OBJ SAVEPACKAGE PACKAGE="/Game/Level_00" FILE="C:/GitProjects/WeAreGods-Unreal/Saved/Autosaves/Game/Level_00_Auto1.umap" SILENT=true AUTOSAVING=true KEEPDIRTY=false
[2018.12.03-00.45.50:971][206]LogSavePackage: Moving 'C:/GitProjects/WeAreGods-Unreal/Saved/Level_00_Auto16AF507E34F78A14937E514B03786A06F.tmp' to 'C:/GitProjects/WeAreGods-Unreal/Saved/Autosaves/Game/Level_00_Auto1.umap'
[2018.12.03-00.45.50:973][206]LogFileHelpers: Editor autosave (incl. sublevels) for '/Game/Level_00' took 0.345
[2018.12.03-00.45.50:973][206]LogFileHelpers: Editor autosave (incl. sublevels) for all levels took 0.345
[2018.12.03-00.55.56:668][ 21]LogInit: XAudio2 using 'Speakers (Steam Streaming Speakers)' : 2 channels at 48 kHz using 16 bits per sample (channel mask 0x3)
[2018.12.03-01.46.19:925][ 41]LogInit: XAudio2 using 'Speakers (Realtek High Definition Audio)' : 2 channels at 48 kHz using 32 bits per sample (channel mask 0x3)
[2018.12.03-01.54.53:467][684]LogSlate: FSceneViewport::OnFocusLost() reason 0
[2018.12.03-01.54.53:566][696]LogTemp: Repeating last play command: New Editor Window (PIE)
[2018.12.03-01.54.53:587][696]LogPlayLevel: PlayLevel: No blueprints needed recompiling
[2018.12.03-01.54.53:587][696]PIE: New page: PIE session: Level_00 (Dec 2, 2018, 9:54:53 AM)
[2018.12.03-01.54.53:587][696]LogPlayLevel: Creating play world package: /Game/UEDPIE_0_Level_00
[2018.12.03-01.54.53:589][696]LogPlayLevel: PIE: StaticDuplicateObject took: (0.001654s)
[2018.12.03-01.54.53:589][696]LogAIModule: Creating AISystem for world Level_00
[2018.12.03-01.54.53:589][696]LogPlayLevel: PIE: World Init took: (0.000684s)
[2018.12.03-01.54.53:589][696]LogPlayLevel: PIE: Created PIE world by copying editor world from /Game/Level_00.Level_00 to /Game/UEDPIE_0_Level_00.Level_00 (0.002444s)
[2018.12.03-01.54.53:638][696]LogInit: XAudio2 using 'Speakers (Realtek High Definition Audio)' : 2 channels at 48 kHz using 32 bits per sample (channel mask 0x3)
[2018.12.03-01.54.53:650][696]LogInit: FAudioDevice initialized.
[2018.12.03-01.54.53:663][696]LogSlate: Updating window title bar state: overlay mode, drag disabled, window buttons hidden, title bar hidden
[2018.12.03-01.54.53:707][696]LogLoad: Game class is '2DSideScrollerGameMode_C'
[2018.12.03-01.54.53:709][696]LogWorld: Bringing World /Game/UEDPIE_0_Level_00.Level_00 up for play (max tick rate 0) at 2018.12.02-17.54.53
[2018.12.03-01.54.53:709][696]LogWorld: Bringing up level for play took: 0.001206
[2018.12.03-01.54.53:727][696]PIE: Play in editor start time for /Game/UEDPIE_0_Level_00 0.261
[2018.12.03-01.55.06:453][217]LogSlate: Updating window title bar state: overlay mode, drag disabled, window buttons hidden, title bar hidden
[2018.12.03-01.55.06:472][217]LogSlate: Window 'WeAreGods Game Preview Standalone (64-bit/PCD3D_SM5)' being destroyed
[2018.12.03-01.55.06:506][217]LogPlayLevel: Display: Shutting down PIE online subsystems
[2018.12.03-01.55.06:559][220]LogPlayLevel: Display: Destroying online subsystem :Context_6
